1598538079861	mozrunner::runner	INFO	Running command: "C:\\Program Files\\Mozilla Firefox\\firefox.exe" "-marionette" "-foreground" "-no-remote" "-profile" "C:\\Users\\OLEKSA~1.KAL\\AppData\\Local\\Temp\\2\\rust_mozprofileIO1Krc"
JavaScript error: resource://gre/modules/XULStore.jsm, line 66: Error: Can't find profile directory.
console.error: SearchCache: "_readCacheFile: Error reading cache file:" (new Error("", "(unknown module)"))
1598538082104	Marionette	INFO	Listening on port 60704
1598538082574	Marionette	WARN	TLS certificate errors will be ignored for this session
1598538087645	Marionette	INFO	Stopped listening on port 60704

###!!! [Child][RunMessage] Error: Channel closing: too late to send/recv, messages will be lost


###!!! [Child][MessageChannel::SendAndWait] Error: Channel error: cannot send/recv

1598538154791	mozrunner::runner	INFO	Running command: "C:\\Program Files\\Mozilla Firefox\\firefox.exe" "-marionette" "-foreground" "-no-remote" "-profile" "C:\\Users\\OLEKSA~1.KAL\\AppData\\Local\\Temp\\2\\rust_mozprofilehCzG52"
JavaScript error: resource://gre/modules/XULStore.jsm, line 66: Error: Can't find profile directory.
console.error: SearchCache: "_readCacheFile: Error reading cache file:" (new Error("", "(unknown module)"))
1598538156812	Marionette	INFO	Listening on port 60798
1598538156914	Marionette	WARN	TLS certificate errors will be ignored for this session
1598538160906	Marionette	INFO	Stopped listening on port 60798

###!!! [Child][MessageChannel::SendAndWait] Error: Channel error: cannot send/recv

1598538357655	mozrunner::runner	INFO	Running command: "C:\\Program Files\\Mozilla Firefox\\firefox.exe" "-marionette" "-foreground" "-no-remote" "-profile" "C:\\Users\\OLEKSA~1.KAL\\AppData\\Local\\Temp\\2\\rust_mozprofilepuGSwt"
JavaScript error: resource://gre/modules/XULStore.jsm, line 66: Error: Can't find profile directory.
console.error: SearchCache: "_readCacheFile: Error reading cache file:" (new Error("", "(unknown module)"))
1598538359957	Marionette	INFO	Listening on port 60986
1598538360370	Marionette	WARN	TLS certificate errors will be ignored for this session
1598538364469	Marionette	INFO	Stopped listening on port 60986

###!!! [Child][RunMessage] Error: Channel closing: too late to send/recv, messages will be lost


###!!! [Child][MessageChannel::SendAndWait] Error: Channel error: cannot send/recv

1598538381797	mozrunner::runner	INFO	Running command: "C:\\Program Files\\Mozilla Firefox\\firefox.exe" "-marionette" "-foreground" "-no-remote" "-profile" "C:\\Users\\OLEKSA~1.KAL\\AppData\\Local\\Temp\\2\\rust_mozprofileTVi1by"
JavaScript error: resource://gre/modules/XULStore.jsm, line 66: Error: Can't find profile directory.
console.error: SearchCache: "_readCacheFile: Error reading cache file:" (new Error("", "(unknown module)"))
1598538383797	Marionette	INFO	Listening on port 61049
1598538383911	Marionette	WARN	TLS certificate errors will be ignored for this session
1598538387796	Marionette	INFO	Stopped listening on port 61049

###!!! [Child][MessageChannel::SendAndWait] Error: Channel error: cannot send/recv

1598538483462	mozrunner::runner	INFO	Running command: "C:\\Program Files\\Mozilla Firefox\\firefox.exe" "-marionette" "-foreground" "-no-remote" "-profile" "C:\\Users\\OLEKSA~1.KAL\\AppData\\Local\\Temp\\2\\rust_mozprofileM1aaXu"
JavaScript error: resource://gre/modules/XULStore.jsm, line 66: Error: Can't find profile directory.
console.error: SearchCache: "_readCacheFile: Error reading cache file:" (new Error("", "(unknown module)"))
1598538485366	Marionette	INFO	Listening on port 61149
1598538485571	Marionette	WARN	TLS certificate errors will be ignored for this session
console.error: Region.jsm: "Error fetching region" (new TypeError("NetworkError when attempting to fetch resource.", ""))
console.error: Region.jsm: "Failed to fetch region" (new Error("NO_RESULT", "resource://gre/modules/Region.jsm", 343))
1598538489365	Marionette	INFO	Stopped listening on port 61149

###!!! [Child][RunMessage] Error: Channel closing: too late to send/recv, messages will be lost


###!!! [Child][MessageChannel::SendAndWait] Error: Channel error: cannot send/recv

1598538515839	mozrunner::runner	INFO	Running command: "C:\\Program Files\\Mozilla Firefox\\firefox.exe" "-marionette" "-foreground" "-no-remote" "-profile" "C:\\Users\\OLEKSA~1.KAL\\AppData\\Local\\Temp\\2\\rust_mozprofile64Hale"
JavaScript error: resource://gre/modules/XULStore.jsm, line 66: Error: Can't find profile directory.
console.error: SearchCache: "_readCacheFile: Error reading cache file:" (new Error("", "(unknown module)"))
1598538517881	Marionette	INFO	Listening on port 61216
1598538517961	Marionette	WARN	TLS certificate errors will be ignored for this session
1598538521274	Marionette	INFO	Stopped listening on port 61216

###!!! [Child][RunMessage] Error: Channel closing: too late to send/recv, messages will be lost


###!!! [Child][MessageChannel::SendAndWait] Error: Channel error: cannot send/recv

1598539473406	mozrunner::runner	INFO	Running command: "C:\\Program Files\\Mozilla Firefox\\firefox.exe" "-marionette" "-foreground" "-no-remote" "-profile" "C:\\Users\\OLEKSA~1.KAL\\AppData\\Local\\Temp\\2\\rust_mozprofilepN5tId"
JavaScript error: resource://gre/modules/XULStore.jsm, line 66: Error: Can't find profile directory.
console.error: SearchCache: "_readCacheFile: Error reading cache file:" (new Error("", "(unknown module)"))
1598539476157	Marionette	INFO	Listening on port 62110
1598539476616	Marionette	WARN	TLS certificate errors will be ignored for this session
1598539481692	Marionette	INFO	Stopped listening on port 62110

###!!! [Child][RunMessage] Error: Channel closing: too late to send/recv, messages will be lost


###!!! [Child][MessageChannel::SendAndWait] Error: Channel error: cannot send/recv

1598539500441	mozrunner::runner	INFO	Running command: "C:\\Program Files\\Mozilla Firefox\\firefox.exe" "-marionette" "-foreground" "-no-remote" "-profile" "C:\\Users\\OLEKSA~1.KAL\\AppData\\Local\\Temp\\2\\rust_mozprofile6juE6H"
JavaScript error: resource://gre/modules/XULStore.jsm, line 66: Error: Can't find profile directory.
console.error: SearchCache: "_readCacheFile: Error reading cache file:" (new Error("", "(unknown module)"))
1598539502420	Marionette	INFO	Listening on port 62183
1598539502554	Marionette	WARN	TLS certificate errors will be ignored for this session
1598539506662	Marionette	INFO	Stopped listening on port 62183

###!!! [Child][RunMessage] Error: Channel closing: too late to send/recv, messages will be lost


###!!! [Child][MessageChannel::SendAndWait] Error: Channel error: cannot send/recv

1598539545409	mozrunner::runner	INFO	Running command: "C:\\Program Files\\Mozilla Firefox\\firefox.exe" "-marionette" "-foreground" "-no-remote" "-profile" "C:\\Users\\OLEKSA~1.KAL\\AppData\\Local\\Temp\\2\\rust_mozprofileOQCXxc"
JavaScript error: resource://gre/modules/XULStore.jsm, line 66: Error: Can't find profile directory.
console.error: SearchCache: "_readCacheFile: Error reading cache file:" (new Error("", "(unknown module)"))
1598539547369	Marionette	INFO	Listening on port 62263
1598539547542	Marionette	WARN	TLS certificate errors will be ignored for this session
1598539551963	Marionette	INFO	Stopped listening on port 62263

###!!! [Child][MessageChannel::SendAndWait] Error: Channel error: cannot send/recv

1598539703662	mozrunner::runner	INFO	Running command: "C:\\Program Files\\Mozilla Firefox\\firefox.exe" "-marionette" "-foreground" "-no-remote" "-profile" "C:\\Users\\OLEKSA~1.KAL\\AppData\\Local\\Temp\\2\\rust_mozprofile66mxIT"
JavaScript error: resource://gre/modules/XULStore.jsm, line 66: Error: Can't find profile directory.
console.error: SearchCache: "_readCacheFile: Error reading cache file:" (new Error("", "(unknown module)"))
1598539705657	Marionette	INFO	Listening on port 62410
1598539705773	Marionette	WARN	TLS certificate errors will be ignored for this session
1598539710951	Marionette	INFO	Stopped listening on port 62410

###!!! [Child][RunMessage] Error: Channel closing: too late to send/recv, messages will be lost


###!!! [Child][MessageChannel::SendAndWait] Error: Channel error: cannot send/recv

1598624135098	mozrunner::runner	INFO	Running command: "C:\\Program Files\\Mozilla Firefox\\firefox.exe" "-marionette" "-foreground" "-no-remote" "-profile" "C:\\Users\\OLEKSA~1.KAL\\AppData\\Local\\Temp\\2\\rust_mozprofileDTOS2Y"
1598624155231	mozrunner::runner	INFO	Running command: "C:\\Program Files\\Mozilla Firefox\\firefox.exe" "-marionette" "-foreground" "-no-remote" "-profile" "C:\\Users\\OLEKSA~1.KAL\\AppData\\Local\\Temp\\2\\rust_mozprofileXRbhK0"
JavaScript error: resource://gre/modules/XULStore.jsm, line 66: Error: Can't find profile directory.
console.error: SearchCache: "_readCacheFile: Error reading cache file:" (new Error("", "(unknown module)"))
1598624157354	Marionette	INFO	Listening on port 57205
1598624157441	Marionette	WARN	TLS certificate errors will be ignored for this session
1598624159841	Marionette	INFO	Stopped listening on port 57205

###!!! [Child][RunMessage] Error: Channel closing: too late to send/recv, messages will be lost


###!!! [Child][MessageChannel::SendAndWait] Error: Channel error: cannot send/recv

1598624167754	mozrunner::runner	INFO	Running command: "C:\\Program Files\\Mozilla Firefox\\firefox.exe" "-marionette" "-foreground" "-no-remote" "-profile" "C:\\Users\\OLEKSA~1.KAL\\AppData\\Local\\Temp\\2\\rust_mozprofilevC0f2o"
JavaScript error: resource://gre/modules/XULStore.jsm, line 66: Error: Can't find profile directory.
console.error: SearchCache: "_readCacheFile: Error reading cache file:" (new Error("", "(unknown module)"))
1598624170151	Marionette	INFO	Listening on port 57258
1598624170463	Marionette	WARN	TLS certificate errors will be ignored for this session
1598624172861	Marionette	INFO	Stopped listening on port 57258
console.error: Region.jsm: "Error fetching region" (new TypeError("NetworkError when attempting to fetch resource.", ""))
console.error: Region.jsm: "Failed to fetch region" (new Error("NO_RESULT", "resource://gre/modules/Region.jsm", 343))

###!!! [Child][RunMessage] Error: Channel closing: too late to send/recv, messages will be lost


###!!! [Child][MessageChannel::SendAndWait] Error: Channel error: cannot send/recv

1598624184043	mozrunner::runner	INFO	Running command: "C:\\Program Files\\Mozilla Firefox\\firefox.exe" "-marionette" "-foreground" "-no-remote" "-profile" "C:\\Users\\OLEKSA~1.KAL\\AppData\\Local\\Temp\\2\\rust_mozprofilevGU9kf"
JavaScript error: resource://gre/modules/XULStore.jsm, line 66: Error: Can't find profile directory.
console.error: SearchCache: "_readCacheFile: Error reading cache file:" (new Error("", "(unknown module)"))
1598624186605	Marionette	INFO	Listening on port 57321
1598624186760	Marionette	WARN	TLS certificate errors will be ignored for this session
1598624189020	Marionette	INFO	Stopped listening on port 57321
console.error: Region.jsm: "Error fetching region" (new TypeError("NetworkError when attempting to fetch resource.", ""))
console.error: Region.jsm: "Failed to fetch region" (new Error("NO_RESULT", "resource://gre/modules/Region.jsm", 343))

###!!! [Child][RunMessage] Error: Channel closing: too late to send/recv, messages will be lost


###!!! [Child][MessageChannel::SendAndWait] Error: Channel error: cannot send/recv

1598624386424	mozrunner::runner	INFO	Running command: "C:\\Program Files\\Mozilla Firefox\\firefox.exe" "-marionette" "-foreground" "-no-remote" "-profile" "C:\\Users\\OLEKSA~1.KAL\\AppData\\Local\\Temp\\2\\rust_mozprofileQPLK7J"
JavaScript error: resource://gre/modules/XULStore.jsm, line 66: Error: Can't find profile directory.
console.error: SearchCache: "_readCacheFile: Error reading cache file:" (new Error("", "(unknown module)"))
1598624388492	Marionette	INFO	Listening on port 57489
1598624388546	Marionette	WARN	TLS certificate errors will be ignored for this session
1598624390823	Marionette	INFO	Stopped listening on port 57489
console.error: Region.jsm: "Error fetching region" (new TypeError("NetworkError when attempting to fetch resource.", ""))
console.error: Region.jsm: "Failed to fetch region" (new Error("NO_RESULT", "resource://gre/modules/Region.jsm", 343))

###!!! [Child][RunMessage] Error: Channel closing: too late to send/recv, messages will be lost


###!!! [Child][MessageChannel::SendAndWait] Error: Channel error: cannot send/recv

1598626764219	mozrunner::runner	INFO	Running command: "C:\\Program Files\\Mozilla Firefox\\firefox.exe" "-marionette" "-foreground" "-no-remote" "-profile" "C:\\Users\\OLEKSA~1.KAL\\AppData\\Local\\Temp\\2\\rust_mozprofilej9N75I"
JavaScript error: resource://gre/modules/XULStore.jsm, line 66: Error: Can't find profile directory.
console.error: SearchCache: "_readCacheFile: Error reading cache file:" (new Error("", "(unknown module)"))
1598626766708	Marionette	INFO	Listening on port 64177
1598626766932	Marionette	WARN	TLS certificate errors will be ignored for this session
1598626769173	Marionette	INFO	Stopped listening on port 64177

###!!! [Child][RunMessage] Error: Channel closing: too late to send/recv, messages will be lost


###!!! [Child][MessageChannel::SendAndWait] Error: Channel error: cannot send/recv

1598627542373	mozrunner::runner	INFO	Running command: "C:\\Program Files\\Mozilla Firefox\\firefox.exe" "-marionette" "-foreground" "-no-remote" "-profile" "C:\\Users\\OLEKSA~1.KAL\\AppData\\Local\\Temp\\2\\rust_mozprofile7VlHQ5"
JavaScript error: resource://gre/modules/XULStore.jsm, line 66: Error: Can't find profile directory.
console.error: SearchCache: "_readCacheFile: Error reading cache file:" (new Error("", "(unknown module)"))
1598627544521	Marionette	INFO	Listening on port 64649
1598627544589	Marionette	WARN	TLS certificate errors will be ignored for this session
1598627546827	Marionette	INFO	Stopped listening on port 64649
console.error: Region.jsm: "Error fetching region" (new TypeError("NetworkError when attempting to fetch resource.", ""))
console.error: Region.jsm: "Failed to fetch region" (new Error("NO_RESULT", "resource://gre/modules/Region.jsm", 343))

###!!! [Child][RunMessage] Error: Channel closing: too late to send/recv, messages will be lost


###!!! [Child][MessageChannel::SendAndWait] Error: Channel error: cannot send/recv

1598696366235	mozrunner::runner	INFO	Running command: "C:\\Program Files\\Mozilla Firefox\\firefox.exe" "-marionette" "-foreground" "-no-remote" "-profile" "C:\\Users\\OLEKSA~1.KAL\\AppData\\Local\\Temp\\2\\rust_mozprofiley6v3at"
JavaScript error: resource://gre/modules/XULStore.jsm, line 66: Error: Can't find profile directory.
console.error: SearchCache: "_readCacheFile: Error reading cache file:" (new Error("", "(unknown module)"))
1598696368543	Marionette	INFO	Listening on port 55430
1598696368958	Marionette	WARN	TLS certificate errors will be ignored for this session
JavaScript error: chrome://marionette/content/proxy.js, line 287: NS_ERROR_NOT_INITIALIZED
1598696380848	Marionette	INFO	Stopped listening on port 55430

###!!! [Child][RunMessage] Error: Channel closing: too late to send/recv, messages will be lost


###!!! [Child][MessageChannel::SendAndWait] Error: Channel error: cannot send/recv

1598696395727	mozrunner::runner	INFO	Running command: "C:\\Program Files\\Mozilla Firefox\\firefox.exe" "-marionette" "-foreground" "-no-remote" "-profile" "C:\\Users\\OLEKSA~1.KAL\\AppData\\Local\\Temp\\2\\rust_mozprofilePPgecY"
JavaScript error: resource://gre/modules/XULStore.jsm, line 66: Error: Can't find profile directory.
console.error: SearchCache: "_readCacheFile: Error reading cache file:" (new Error("", "(unknown module)"))
1598696397942	Marionette	INFO	Listening on port 55490
1598696397946	Marionette	WARN	TLS certificate errors will be ignored for this session
JavaScript error: chrome://marionette/content/proxy.js, line 287: NS_ERROR_NOT_INITIALIZED
1598696404013	Marionette	INFO	Stopped listening on port 55490

###!!! [Child][RunMessage] Error: Channel closing: too late to send/recv, messages will be lost


###!!! [Child][MessageChannel::SendAndWait] Error: Channel error: cannot send/recv

1598696557408	mozrunner::runner	INFO	Running command: "C:\\Program Files\\Mozilla Firefox\\firefox.exe" "-marionette" "-foreground" "-no-remote" "-profile" "C:\\Users\\OLEKSA~1.KAL\\AppData\\Local\\Temp\\2\\rust_mozprofilePoLPJl"
JavaScript error: resource://gre/modules/XULStore.jsm, line 66: Error: Can't find profile directory.
console.error: SearchCache: "_readCacheFile: Error reading cache file:" (new Error("", "(unknown module)"))
1598696559705	Marionette	INFO	Listening on port 55646
1598696560121	Marionette	WARN	TLS certificate errors will be ignored for this session
1598696579427	Marionette	INFO	Stopped listening on port 55646

###!!! [Child][RunMessage] Error: Channel closing: too late to send/recv, messages will be lost


###!!! [Child][MessageChannel::SendAndWait] Error: Channel error: cannot send/recv

1598696613877	mozrunner::runner	INFO	Running command: "C:\\Program Files\\Mozilla Firefox\\firefox.exe" "-marionette" "-foreground" "-no-remote" "-profile" "C:\\Users\\OLEKSA~1.KAL\\AppData\\Local\\Temp\\2\\rust_mozprofile8sl57h"
JavaScript error: resource://gre/modules/XULStore.jsm, line 66: Error: Can't find profile directory.
console.error: SearchCache: "_readCacheFile: Error reading cache file:" (new Error("", "(unknown module)"))
1598696616160	Marionette	INFO	Listening on port 55734
1598696616594	Marionette	WARN	TLS certificate errors will be ignored for this session
JavaScript error: chrome://marionette/content/proxy.js, line 287: NS_ERROR_NOT_INITIALIZED
1598696620489	Marionette	INFO	Stopped listening on port 55734

###!!! [Child][RunMessage] Error: Channel closing: too late to send/recv, messages will be lost


###!!! [Child][MessageChannel::SendAndWait] Error: Channel error: cannot send/recv

1598696649653	mozrunner::runner	INFO	Running command: "C:\\Program Files\\Mozilla Firefox\\firefox.exe" "-marionette" "-foreground" "-no-remote" "-profile" "C:\\Users\\OLEKSA~1.KAL\\AppData\\Local\\Temp\\2\\rust_mozprofile1CEsIP"
JavaScript error: resource://gre/modules/XULStore.jsm, line 66: Error: Can't find profile directory.
console.error: SearchCache: "_readCacheFile: Error reading cache file:" (new Error("", "(unknown module)"))
1598696651926	Marionette	INFO	Listening on port 55798
1598696652363	Marionette	WARN	TLS certificate errors will be ignored for this session
1598696659671	Marionette	INFO	Stopped listening on port 55798

###!!! [Child][RunMessage] Error: Channel closing: too late to send/recv, messages will be lost


###!!! [Child][MessageChannel::SendAndWait] Error: Channel error: cannot send/recv

1598696720071	mozrunner::runner	INFO	Running command: "C:\\Program Files\\Mozilla Firefox\\firefox.exe" "-marionette" "-foreground" "-no-remote" "-profile" "C:\\Users\\OLEKSA~1.KAL\\AppData\\Local\\Temp\\2\\rust_mozprofileJvzJ17"
JavaScript error: resource://gre/modules/XULStore.jsm, line 66: Error: Can't find profile directory.
console.error: SearchCache: "_readCacheFile: Error reading cache file:" (new Error("", "(unknown module)"))
1598696722267	Marionette	INFO	Listening on port 55952
1598696722284	Marionette	WARN	TLS certificate errors will be ignored for this session
1598696729173	Marionette	INFO	Stopped listening on port 55952

###!!! [Child][RunMessage] Error: Channel closing: too late to send/recv, messages will be lost


###!!! [Child][MessageChannel::SendAndWait] Error: Channel error: cannot send/recv

1598696844916	mozrunner::runner	INFO	Running command: "C:\\Program Files\\Mozilla Firefox\\firefox.exe" "-marionette" "-foreground" "-no-remote" "-profile" "C:\\Users\\OLEKSA~1.KAL\\AppData\\Local\\Temp\\2\\rust_mozprofilesPwocJ"
JavaScript error: resource://gre/modules/XULStore.jsm, line 66: Error: Can't find profile directory.
console.error: SearchCache: "_readCacheFile: Error reading cache file:" (new Error("", "(unknown module)"))
1598696847021	Marionette	INFO	Listening on port 56077
1598696847041	Marionette	WARN	TLS certificate errors will be ignored for this session
JavaScript error: resource://gre/actors/SelectChild.jsm, line 281: TypeError: InspectorUtils.setContentState: Argument 1 is not an object.
1598696852637	Marionette	INFO	Stopped listening on port 56077

###!!! [Child][RunMessage] Error: Channel closing: too late to send/recv, messages will be lost


###!!! [Child][MessageChannel::SendAndWait] Error: Channel error: cannot send/recv

1598697241750	mozrunner::runner	INFO	Running command: "C:\\Program Files\\Mozilla Firefox\\firefox.exe" "-marionette" "-foreground" "-no-remote" "-profile" "C:\\Users\\OLEKSA~1.KAL\\AppData\\Local\\Temp\\2\\rust_mozprofilekmRgLH"
JavaScript error: resource://gre/modules/XULStore.jsm, line 66: Error: Can't find profile directory.
console.error: SearchCache: "_readCacheFile: Error reading cache file:" (new Error("", "(unknown module)"))
1598697243979	Marionette	INFO	Listening on port 56377
1598697244467	Marionette	WARN	TLS certificate errors will be ignored for this session
1598697250394	Marionette	INFO	Stopped listening on port 56377

###!!! [Child][RunMessage] Error: Channel closing: too late to send/recv, messages will be lost


###!!! [Child][MessageChannel::SendAndWait] Error: Channel error: cannot send/recv

1598697544518	mozrunner::runner	INFO	Running command: "C:\\Program Files\\Mozilla Firefox\\firefox.exe" "-marionette" "-foreground" "-no-remote" "-profile" "C:\\Users\\OLEKSA~1.KAL\\AppData\\Local\\Temp\\2\\rust_mozprofileGpmpOt"
JavaScript error: resource://gre/modules/XULStore.jsm, line 66: Error: Can't find profile directory.
console.error: SearchCache: "_readCacheFile: Error reading cache file:" (new Error("", "(unknown module)"))
1598697546730	Marionette	INFO	Listening on port 56583
1598697546741	Marionette	WARN	TLS certificate errors will be ignored for this session
1598697552410	Marionette	INFO	Stopped listening on port 56583

###!!! [Child][RunMessage] Error: Channel closing: too late to send/recv, messages will be lost


###!!! [Child][MessageChannel::SendAndWait] Error: Channel error: cannot send/recv

1598698332432	mozrunner::runner	INFO	Running command: "C:\\Program Files\\Mozilla Firefox\\firefox.exe" "-marionette" "-foreground" "-no-remote" "-profile" "C:\\Users\\OLEKSA~1.KAL\\AppData\\Local\\Temp\\2\\rust_mozprofileTFXQJJ"
JavaScript error: resource://gre/modules/XULStore.jsm, line 66: Error: Can't find profile directory.
console.error: SearchCache: "_readCacheFile: Error reading cache file:" (new Error("", "(unknown module)"))
1598698334727	Marionette	INFO	Listening on port 57116
1598698335144	Marionette	WARN	TLS certificate errors will be ignored for this session
1598698340921	Marionette	INFO	Stopped listening on port 57116

###!!! [Child][RunMessage] Error: Channel closing: too late to send/recv, messages will be lost


###!!! [Child][MessageChannel::SendAndWait] Error: Channel error: cannot send/recv

1598698791113	mozrunner::runner	INFO	Running command: "C:\\Program Files\\Mozilla Firefox\\firefox.exe" "-marionette" "-foreground" "-no-remote" "-profile" "C:\\Users\\OLEKSA~1.KAL\\AppData\\Local\\Temp\\2\\rust_mozprofilezvAsNq"
JavaScript error: resource://gre/modules/XULStore.jsm, line 66: Error: Can't find profile directory.
console.error: SearchCache: "_readCacheFile: Error reading cache file:" (new Error("", "(unknown module)"))
1598698793280	Marionette	INFO	Listening on port 57418
1598698793330	Marionette	WARN	TLS certificate errors will be ignored for this session
1598698798656	Marionette	INFO	Stopped listening on port 57418

###!!! [Child][RunMessage] Error: Channel closing: too late to send/recv, messages will be lost


###!!! [Child][MessageChannel::SendAndWait] Error: Channel error: cannot send/recv

1598698928669	mozrunner::runner	INFO	Running command: "C:\\Program Files\\Mozilla Firefox\\firefox.exe" "-marionette" "-foreground" "-no-remote" "-profile" "C:\\Users\\OLEKSA~1.KAL\\AppData\\Local\\Temp\\2\\rust_mozprofilethYbiD"
JavaScript error: resource://gre/modules/XULStore.jsm, line 66: Error: Can't find profile directory.
console.error: SearchCache: "_readCacheFile: Error reading cache file:" (new Error("", "(unknown module)"))
1598698930948	Marionette	INFO	Listening on port 57552
1598698931379	Marionette	WARN	TLS certificate errors will be ignored for this session
1598698936869	Marionette	INFO	Stopped listening on port 57552

###!!! [Child][RunMessage] Error: Channel closing: too late to send/recv, messages will be lost


###!!! [Child][MessageChannel::SendAndWait] Error: Channel error: cannot send/recv

1598699062787	mozrunner::runner	INFO	Running command: "C:\\Program Files\\Mozilla Firefox\\firefox.exe" "-marionette" "-foreground" "-no-remote" "-profile" "C:\\Users\\OLEKSA~1.KAL\\AppData\\Local\\Temp\\2\\rust_mozprofileNJ9r4d"
JavaScript error: resource://gre/modules/XULStore.jsm, line 66: Error: Can't find profile directory.
console.error: SearchCache: "_readCacheFile: Error reading cache file:" (new Error("", "(unknown module)"))
1598699065066	Marionette	INFO	Listening on port 57681
1598699065499	Marionette	WARN	TLS certificate errors will be ignored for this session
1598699071159	Marionette	INFO	Stopped listening on port 57681

###!!! [Child][RunMessage] Error: Channel closing: too late to send/recv, messages will be lost


###!!! [Child][MessageChannel::SendAndWait] Error: Channel error: cannot send/recv

1598867733441	mozrunner::runner	INFO	Running command: "C:\\Program Files\\Mozilla Firefox\\firefox.exe" "-marionette" "-foreground" "-no-remote" "-profile" "C:\\Users\\OLEKSA~1.KAL\\AppData\\Local\\Temp\\1\\rust_mozprofileKZdelF"
JavaScript error: resource://gre/modules/XULStore.jsm, line 66: Error: Can't find profile directory.
console.error: SearchCache: "_readCacheFile: Error reading cache file:" (new Error("", "(unknown module)"))
1598867736211	Marionette	INFO	Listening on port 56284
1598867736689	Marionette	WARN	TLS certificate errors will be ignored for this session
1598867742006	Marionette	INFO	Stopped listening on port 56284

###!!! [Child][RunMessage] Error: Channel closing: too late to send/recv, messages will be lost


###!!! [Child][MessageChannel::SendAndWait] Error: Channel error: cannot send/recv

1598869067157	mozrunner::runner	INFO	Running command: "C:\\Program Files\\Mozilla Firefox\\firefox.exe" "-marionette" "-foreground" "-no-remote" "-profile" "C:\\Users\\OLEKSA~1.KAL\\AppData\\Local\\Temp\\1\\rust_mozprofileE6S44B"
JavaScript error: resource://gre/modules/XULStore.jsm, line 66: Error: Can't find profile directory.
console.error: SearchCache: "_readCacheFile: Error reading cache file:" (new Error("", "(unknown module)"))
1598869069183	Marionette	INFO	Listening on port 57514
1598869069281	Marionette	WARN	TLS certificate errors will be ignored for this session
1598869103908	Marionette	INFO	Stopped listening on port 57514

###!!! [Child][RunMessage] Error: Channel closing: too late to send/recv, messages will be lost


###!!! [Child][MessageChannel::SendAndWait] Error: Channel error: cannot send/recv

1598869135118	mozrunner::runner	INFO	Running command: "C:\\Program Files\\Mozilla Firefox\\firefox.exe" "-marionette" "-foreground" "-no-remote" "-profile" "C:\\Users\\OLEKSA~1.KAL\\AppData\\Local\\Temp\\1\\rust_mozprofileD4GCvP"
JavaScript error: resource://gre/modules/XULStore.jsm, line 66: Error: Can't find profile directory.
console.error: SearchCache: "_readCacheFile: Error reading cache file:" (new Error("", "(unknown module)"))
1598869137185	Marionette	INFO	Listening on port 57613
1598869137248	Marionette	WARN	TLS certificate errors will be ignored for this session
1598869141893	Marionette	INFO	Stopped listening on port 57613

###!!! [Child][MessageChannel::SendAndWait] Error: Channel error: cannot send/recv

1598869199854	mozrunner::runner	INFO	Running command: "C:\\Program Files\\Mozilla Firefox\\firefox.exe" "-marionette" "-foreground" "-no-remote" "-profile" "C:\\Users\\OLEKSA~1.KAL\\AppData\\Local\\Temp\\1\\rust_mozprofileflAoUl"
JavaScript error: resource://gre/modules/XULStore.jsm, line 66: Error: Can't find profile directory.
console.error: SearchCache: "_readCacheFile: Error reading cache file:" (new Error("", "(unknown module)"))
1598869201995	Marionette	INFO	Listening on port 57715
1598869202070	Marionette	WARN	TLS certificate errors will be ignored for this session
1598869204245	Marionette	INFO	Stopped listening on port 57715

###!!! [Child][RunMessage] Error: Channel closing: too late to send/recv, messages will be lost


###!!! [Child][MessageChannel::SendAndWait] Error: Channel error: cannot send/recv

1598948277809	mozrunner::runner	INFO	Running command: "C:\\Program Files\\Mozilla Firefox\\firefox.exe" "-marionette" "-foreground" "-no-remote" "-profile" "C:\\Users\\OLEKSA~1.KAL\\AppData\\Local\\Temp\\1\\rust_mozprofileJYV1uo"
JavaScript error: resource://gre/modules/XULStore.jsm, line 66: Error: Can't find profile directory.
console.error: SearchCache: "_readCacheFile: Error reading cache file:" (new Error("", "(unknown module)"))
1598948280449	Marionette	INFO	Listening on port 52241
1598948280534	Marionette	WARN	TLS certificate errors will be ignored for this session
1598948283656	Marionette	INFO	Stopped listening on port 52241

###!!! [Child][RunMessage] Error: Channel closing: too late to send/recv, messages will be lost


###!!! [Child][MessageChannel::SendAndWait] Error: Channel error: cannot send/recv

1598953304080	mozrunner::runner	INFO	Running command: "C:\\Program Files\\Mozilla Firefox\\firefox.exe" "-marionette" "-foreground" "-no-remote" "-profile" "C:\\Users\\OLEKSA~1.KAL\\AppData\\Local\\Temp\\1\\rust_mozprofilepTlAJu"
JavaScript error: resource://gre/modules/XULStore.jsm, line 66: Error: Can't find profile directory.
console.error: SearchCache: "_readCacheFile: Error reading cache file:" (new Error("", "(unknown module)"))
1598953306098	Marionette	INFO	Listening on port 62734
1598953306218	Marionette	WARN	TLS certificate errors will be ignored for this session
1598953308460	Marionette	INFO	Stopped listening on port 62734
console.error: Region.jsm: "Error fetching region" (new TypeError("NetworkError when attempting to fetch resource.", ""))
console.error: Region.jsm: "Failed to fetch region" (new Error("NO_RESULT", "resource://gre/modules/Region.jsm", 343))

###!!! [Child][RunMessage] Error: Channel closing: too late to send/recv, messages will be lost


###!!! [Child][MessageChannel::SendAndWait] Error: Channel error: cannot send/recv

1598953521756	mozrunner::runner	INFO	Running command: "C:\\Program Files\\Mozilla Firefox\\firefox.exe" "-marionette" "-foreground" "-no-remote" "-profile" "C:\\Users\\OLEKSA~1.KAL\\AppData\\Local\\Temp\\1\\rust_mozprofileWeeD9D"
JavaScript error: resource://gre/modules/XULStore.jsm, line 66: Error: Can't find profile directory.
console.error: SearchCache: "_readCacheFile: Error reading cache file:" (new Error("", "(unknown module)"))
1598953524040	Marionette	INFO	Listening on port 63079
1598953524482	Marionette	WARN	TLS certificate errors will be ignored for this session
1598953524521	Marionette	INFO	Stopped listening on port 63079
console.error: Region.jsm: "Error fetching region" (new TypeError("NetworkError when attempting to fetch resource.", ""))
console.error: Region.jsm: "Failed to fetch region" (new Error("NO_RESULT", "resource://gre/modules/Region.jsm", 343))

###!!! [Child][RunMessage] Error: Channel closing: too late to send/recv, messages will be lost


###!!! [Child][MessageChannel::SendAndWait] Error: Channel error: cannot send/recv

1598953620555	mozrunner::runner	INFO	Running command: "C:\\Program Files\\Mozilla Firefox\\firefox.exe" "-marionette" "-foreground" "-no-remote" "-profile" "C:\\Users\\OLEKSA~1.KAL\\AppData\\Local\\Temp\\1\\rust_mozprofileVpTgFA"
JavaScript error: resource://gre/modules/XULStore.jsm, line 66: Error: Can't find profile directory.
console.error: SearchCache: "_readCacheFile: Error reading cache file:" (new Error("", "(unknown module)"))
1598953622673	Marionette	INFO	Listening on port 63254
1598953622688	Marionette	WARN	TLS certificate errors will be ignored for this session
1598953622766	Marionette	INFO	Stopped listening on port 63254
console.error: Region.jsm: "Error fetching region" (new TypeError("NetworkError when attempting to fetch resource.", ""))
console.error: Region.jsm: "Failed to fetch region" (new Error("NO_RESULT", "resource://gre/modules/Region.jsm", 343))

###!!! [Child][RunMessage] Error: Channel closing: too late to send/recv, messages will be lost


###!!! [Child][MessageChannel::SendAndWait] Error: Channel error: cannot send/recv

1598953671850	mozrunner::runner	INFO	Running command: "C:\\Program Files\\Mozilla Firefox\\firefox.exe" "-marionette" "-foreground" "-no-remote" "-profile" "C:\\Users\\OLEKSA~1.KAL\\AppData\\Local\\Temp\\1\\rust_mozprofileN7zr9e"
JavaScript error: resource://gre/modules/XULStore.jsm, line 66: Error: Can't find profile directory.
console.error: SearchCache: "_readCacheFile: Error reading cache file:" (new Error("", "(unknown module)"))
1598953674130	Marionette	INFO	Listening on port 63358
1598953674571	Marionette	WARN	TLS certificate errors will be ignored for this session
1598953676735	Marionette	INFO	Stopped listening on port 63358

###!!! [Child][RunMessage] Error: Channel closing: too late to send/recv, messages will be lost


###!!! [Child][MessageChannel::SendAndWait] Error: Channel error: cannot send/recv

1598960123437	mozrunner::runner	INFO	Running command: "C:\\Program Files\\Mozilla Firefox\\firefox.exe" "-marionette" "-foreground" "-no-remote" "-profile" "C:\\Users\\OLEKSA~1.KAL\\AppData\\Local\\Temp\\1\\rust_mozprofileG21iua"
JavaScript error: resource://gre/modules/XULStore.jsm, line 66: Error: Can't find profile directory.
console.error: SearchCache: "_readCacheFile: Error reading cache file:" (new Error("", "(unknown module)"))
1598960125701	Marionette	INFO	Listening on port 63245
1598960126152	Marionette	WARN	TLS certificate errors will be ignored for this session
1598960131033	Marionette	INFO	Stopped listening on port 63245

###!!! [Child][RunMessage] Error: Channel closing: too late to send/recv, messages will be lost


###!!! [Child][MessageChannel::SendAndWait] Error: Channel error: cannot send/recv

1598960178510	mozrunner::runner	INFO	Running command: "C:\\Program Files\\Mozilla Firefox\\firefox.exe" "-marionette" "-foreground" "-no-remote" "-profile" "C:\\Users\\OLEKSA~1.KAL\\AppData\\Local\\Temp\\1\\rust_mozprofileutlwOR"
JavaScript error: resource://gre/modules/XULStore.jsm, line 66: Error: Can't find profile directory.
console.error: SearchCache: "_readCacheFile: Error reading cache file:" (new Error("", "(unknown module)"))
1598960180438	Marionette	INFO	Listening on port 63369
1598960180626	Marionette	WARN	TLS certificate errors will be ignored for this session
1598960185318	Marionette	INFO	Stopped listening on port 63369

###!!! [Child][RunMessage] Error: Channel closing: too late to send/recv, messages will be lost


###!!! [Child][MessageChannel::SendAndWait] Error: Channel error: cannot send/recv

1600338650785	mozrunner::runner	INFO	Running command: "C:\\Program Files\\Mozilla Firefox\\firefox.exe" "-marionette" "-foreground" "-no-remote" "-profile" "C:\\Users\\OLEKSA~1.KAL\\AppData\\Local\\Temp\\1\\rust_mozprofileGZVwyt"
JavaScript error: resource://gre/modules/XULStore.jsm, line 66: Error: Can't find profile directory.
console.error: SearchCache: "_readCacheFile: Error reading cache file:" (new Error("", "(unknown module)"))
1600338652506	Marionette	INFO	Listening on port 63441
1600338652897	Marionette	WARN	TLS certificate errors will be ignored for this session
1600338655265	Marionette	INFO	Stopped listening on port 63441

###!!! [Child][RunMessage] Error: Channel closing: too late to send/recv, messages will be lost


###!!! [Child][MessageChannel::SendAndWait] Error: Channel error: cannot send/recv

1600338857738	mozrunner::runner	INFO	Running command: "C:\\Program Files\\Mozilla Firefox\\firefox.exe" "-marionette" "-foreground" "-no-remote" "-profile" "C:\\Users\\OLEKSA~1.KAL\\AppData\\Local\\Temp\\1\\rust_mozprofileySfkK7"
JavaScript error: resource://gre/modules/XULStore.jsm, line 66: Error: Can't find profile directory.
console.error: SearchCache: "_readCacheFile: Error reading cache file:" (new Error("", "(unknown module)"))
1600338859616	Marionette	INFO	Listening on port 63607
1600338859849	Marionette	WARN	TLS certificate errors will be ignored for this session
1600338861988	Marionette	INFO	Stopped listening on port 63607

###!!! [Child][RunMessage] Error: Channel closing: too late to send/recv, messages will be lost


###!!! [Child][MessageChannel::SendAndWait] Error: Channel error: cannot send/recv

1600339008574	mozrunner::runner	INFO	Running command: "C:\\Program Files\\Mozilla Firefox\\firefox.exe" "-marionette" "-foreground" "-no-remote" "-profile" "C:\\Users\\OLEKSA~1.KAL\\AppData\\Local\\Temp\\1\\rust_mozprofileFCkKOp"
JavaScript error: resource://gre/modules/XULStore.jsm, line 66: Error: Can't find profile directory.
console.error: SearchCache: "_readCacheFile: Error reading cache file:" (new Error("", "(unknown module)"))
1600339010278	Marionette	INFO	Listening on port 63772
1600339010690	Marionette	WARN	TLS certificate errors will be ignored for this session
1600339012588	Marionette	INFO	Stopped listening on port 63772

###!!! [Child][RunMessage] Error: Channel closing: too late to send/recv, messages will be lost


###!!! [Child][MessageChannel::SendAndWait] Error: Channel error: cannot send/recv

1600678824317	mozrunner::runner	INFO	Running command: "C:\\Program Files\\Mozilla Firefox\\firefox.exe" "-marionette" "-foreground" "-no-remote" "-profile" "C:\\Users\\OLEKSA~1.KAL\\AppData\\Local\\Temp\\1\\rust_mozprofilefZ5KnO"
JavaScript error: resource://gre/modules/XULStore.jsm, line 66: Error: Can't find profile directory.
console.error: SearchCache: "_readCacheFile: Error reading cache file:" (new Error("", "(unknown module)"))
1600678826920	Marionette	INFO	Listening on port 64970
1600678827033	Marionette	WARN	TLS certificate errors will be ignored for this session
1600678829128	Marionette	INFO	Stopped listening on port 64970

###!!! [Child][MessageChannel] Error: (msgtype=0x5A0007,name=PHttpChannel::Msg_DocumentChannelCleanup) Channel closing: too late to send/recv, messages will be lost


###!!! [Child][MessageChannel] Error: (msgtype=0x390138,name=PContent::Msg_ScriptError) Channel closing: too late to send/recv, messages will be lost


###!!! [Child][MessageChannel::SendAndWait] Error: Channel error: cannot send/recv

1600681184880	mozrunner::runner	INFO	Running command: "C:\\Program Files\\Mozilla Firefox\\firefox.exe" "-marionette" "-foreground" "-no-remote" "-profile" "C:\\Users\\OLEKSA~1.KAL\\AppData\\Local\\Temp\\1\\rust_mozprofileA7glXR"
JavaScript error: resource://gre/modules/XULStore.jsm, line 66: Error: Can't find profile directory.
console.error: SearchCache: "_readCacheFile: Error reading cache file:" (new Error("", "(unknown module)"))
1600681186807	Marionette	INFO	Listening on port 57996
1600681186988	Marionette	WARN	TLS certificate errors will be ignored for this session
1600681189391	Marionette	INFO	Stopped listening on port 57996

###!!! [Child][MessageChannel] Error: (msgtype=0x390138,name=PContent::Msg_ScriptError) Channel closing: too late to send/recv, messages will be lost


###!!! [Child][MessageChannel] Error: (msgtype=0x390138,name=PContent::Msg_ScriptError) Channel closing: too late to send/recv, messages will be lost


###!!! [Child][MessageChannel] Error: (msgtype=0x390138,name=PContent::Msg_ScriptError) Channel closing: too late to send/recv, messages will be lost


###!!! [Child][MessageChannel] Error: (msgtype=0x390138,name=PContent::Msg_ScriptError) Channel closing: too late to send/recv, messages will be lost


###!!! [Child][MessageChannel] Error: (msgtype=0x390138,name=PContent::Msg_ScriptError) Channel closing: too late to send/recv, messages will be lost


###!!! [Child][MessageChannel] Error: (msgtype=0x390138,name=PContent::Msg_ScriptError) Channel closing: too late to send/recv, messages will be lost


###!!! [Child][RunMessage] Error: Channel closing: too late to send/recv, messages will be lost


###!!! [Child][MessageChannel::SendAndWait] Error: Channel error: cannot send/recv

1600681229322	mozrunner::runner	INFO	Running command: "C:\\Program Files\\Mozilla Firefox\\firefox.exe" "-marionette" "-foreground" "-no-remote" "-profile" "C:\\Users\\OLEKSA~1.KAL\\AppData\\Local\\Temp\\1\\rust_mozprofile1VZkSl"
JavaScript error: resource://gre/modules/XULStore.jsm, line 66: Error: Can't find profile directory.
console.error: SearchCache: "_readCacheFile: Error reading cache file:" (new Error("", "(unknown module)"))
1600681231250	Marionette	INFO	Listening on port 58203
1600681231432	Marionette	WARN	TLS certificate errors will be ignored for this session
1600681233718	Marionette	INFO	Stopped listening on port 58203

###!!! [Child][RunMessage] Error: Channel closing: too late to send/recv, messages will be lost


###!!! [Child][MessageChannel::SendAndWait] Error: Channel error: cannot send/recv

1600681660081	mozrunner::runner	INFO	Running command: "C:\\Program Files\\Mozilla Firefox\\firefox.exe" "-marionette" "-foreground" "-no-remote" "-profile" "C:\\Users\\OLEKSA~1.KAL\\AppData\\Local\\Temp\\1\\rust_mozprofilekmCD50"
JavaScript error: resource://gre/modules/XULStore.jsm, line 66: Error: Can't find profile directory.
console.error: SearchCache: "_readCacheFile: Error reading cache file:" (new Error("", "(unknown module)"))
1600681662110	Marionette	INFO	Listening on port 59200
console.error: Region.jsm: "Error fetching region" (new TypeError("NetworkError when attempting to fetch resource.", "resource://gre/modules/Prompter.jsm", 1229))
console.error: Region.jsm: "Failed to fetch region" (new Error("NO_RESULT", "resource://gre/modules/Region.jsm", 343))
1600681662190	Marionette	WARN	TLS certificate errors will be ignored for this session
1600681662417	Marionette	INFO	Stopped listening on port 59200

###!!! [Child][MessageChannel::SendAndWait] Error: Channel error: cannot send/recv

1600681676202	mozrunner::runner	INFO	Running command: "C:\\Program Files\\Mozilla Firefox\\firefox.exe" "-marionette" "-foreground" "-no-remote" "-profile" "C:\\Users\\OLEKSA~1.KAL\\AppData\\Local\\Temp\\1\\rust_mozprofile3Jkgkb"
JavaScript error: resource://gre/modules/XULStore.jsm, line 66: Error: Can't find profile directory.
console.error: SearchCache: "_readCacheFile: Error reading cache file:" (new Error("", "(unknown module)"))
1600681678102	Marionette	INFO	Listening on port 59286
console.error: Region.jsm: "Error fetching region" (new TypeError("NetworkError when attempting to fetch resource.", "resource://gre/modules/Prompter.jsm", 1229))
console.error: Region.jsm: "Failed to fetch region" (new Error("NO_RESULT", "resource://gre/modules/Region.jsm", 343))
1600681678310	Marionette	WARN	TLS certificate errors will be ignored for this session
1600681678540	Marionette	INFO	Stopped listening on port 59286

###!!! [Child][MessageChannel::SendAndWait] Error: Channel error: cannot send/recv

1600681692923	mozrunner::runner	INFO	Running command: "C:\\Program Files\\Mozilla Firefox\\firefox.exe" "-marionette" "-foreground" "-no-remote" "-profile" "C:\\Users\\OLEKSA~1.KAL\\AppData\\Local\\Temp\\1\\rust_mozprofilev0T0Sh"
JavaScript error: resource://gre/modules/XULStore.jsm, line 66: Error: Can't find profile directory.
console.error: SearchCache: "_readCacheFile: Error reading cache file:" (new Error("", "(unknown module)"))
1600681694762	Marionette	INFO	Listening on port 59370
console.error: Region.jsm: "Error fetching region" (new TypeError("NetworkError when attempting to fetch resource.", "resource://gre/modules/Prompter.jsm", 1229))
console.error: Region.jsm: "Failed to fetch region" (new Error("NO_RESULT", "resource://gre/modules/Region.jsm", 343))
1600681695033	Marionette	WARN	TLS certificate errors will be ignored for this session
1600681695312	Marionette	INFO	Stopped listening on port 59370

###!!! [Child][RunMessage] Error: Channel closing: too late to send/recv, messages will be lost


###!!! [Child][MessageChannel::SendAndWait] Error: Channel error: cannot send/recv

1600681723165	mozrunner::runner	INFO	Running command: "C:\\Program Files\\Mozilla Firefox\\firefox.exe" "-marionette" "-foreground" "-no-remote" "-profile" "C:\\Users\\OLEKSA~1.KAL\\AppData\\Local\\Temp\\1\\rust_mozprofile4z7b51"
JavaScript error: resource://gre/modules/XULStore.jsm, line 66: Error: Can't find profile directory.
console.error: SearchCache: "_readCacheFile: Error reading cache file:" (new Error("", "(unknown module)"))
1600681725082	Marionette	INFO	Listening on port 59572
1600681725278	Marionette	WARN	TLS certificate errors will be ignored for this session
1600681727968	Marionette	INFO	Stopped listening on port 59572

###!!! [Child][RunMessage] Error: Channel closing: too late to send/recv, messages will be lost


###!!! [Child][MessageChannel::SendAndWait] Error: Channel error: cannot send/recv

1600681808348	mozrunner::runner	INFO	Running command: "C:\\Program Files\\Mozilla Firefox\\firefox.exe" "-marionette" "-foreground" "-no-remote" "-profile" "C:\\Users\\OLEKSA~1.KAL\\AppData\\Local\\Temp\\1\\rust_mozprofile10DEya"
JavaScript error: resource://gre/modules/XULStore.jsm, line 66: Error: Can't find profile directory.
console.error: SearchCache: "_readCacheFile: Error reading cache file:" (new Error("", "(unknown module)"))
1600681810268	Marionette	INFO	Listening on port 59803
1600681810467	Marionette	WARN	TLS certificate errors will be ignored for this session
1600681812863	Marionette	INFO	Stopped listening on port 59803

###!!! [Child][MessageChannel] Error: (msgtype=0x5A0007,name=PHttpChannel::Msg_DocumentChannelCleanup) Channel closing: too late to send/recv, messages will be lost


###!!! [Child][MessageChannel] Error: (msgtype=0x390138,name=PContent::Msg_ScriptError) Channel closing: too late to send/recv, messages will be lost


###!!! [Child][MessageChannel] Error: (msgtype=0x390138,name=PContent::Msg_ScriptError) Channel closing: too late to send/recv, messages will be lost


###!!! [Child][MessageChannel] Error: (msgtype=0x390138,name=PContent::Msg_ScriptError) Channel closing: too late to send/recv, messages will be lost


###!!! [Child][RunMessage] Error: Channel closing: too late to send/recv, messages will be lost


###!!! [Child][MessageChannel::SendAndWait] Error: Channel error: cannot send/recv

1600682029729	mozrunner::runner	INFO	Running command: "C:\\Program Files\\Mozilla Firefox\\firefox.exe" "-marionette" "-foreground" "-no-remote" "-profile" "C:\\Users\\OLEKSA~1.KAL\\AppData\\Local\\Temp\\1\\rust_mozprofile7xfaYd"
JavaScript error: resource://gre/modules/XULStore.jsm, line 66: Error: Can't find profile directory.
console.error: SearchCache: "_readCacheFile: Error reading cache file:" (new Error("", "(unknown module)"))
1600682031675	Marionette	INFO	Listening on port 60291
1600682031838	Marionette	WARN	TLS certificate errors will be ignored for this session
1600682034633	Marionette	INFO	Stopped listening on port 60291

###!!! [Child][RunMessage] Error: Channel closing: too late to send/recv, messages will be lost


###!!! [Child][MessageChannel::SendAndWait] Error: Channel error: cannot send/recv

1600682367892	mozrunner::runner	INFO	Running command: "C:\\Program Files\\Mozilla Firefox\\firefox.exe" "-marionette" "-foreground" "-no-remote" "-profile" "C:\\Users\\OLEKSA~1.KAL\\AppData\\Local\\Temp\\1\\rust_mozprofile5sA2yX"
JavaScript error: resource://gre/modules/XULStore.jsm, line 66: Error: Can't find profile directory.
console.error: SearchCache: "_readCacheFile: Error reading cache file:" (new Error("", "(unknown module)"))
1600682369777	Marionette	INFO	Listening on port 60884
1600682370005	Marionette	WARN	TLS certificate errors will be ignored for this session
1600682372549	Marionette	INFO	Stopped listening on port 60884

###!!! [Child][RunMessage] Error: Channel closing: too late to send/recv, messages will be lost


###!!! [Child][MessageChannel::SendAndWait] Error: Channel error: cannot send/recv

1600682384083	mozrunner::runner	INFO	Running command: "C:\\Program Files\\Mozilla Firefox\\firefox.exe" "-marionette" "-foreground" "-no-remote" "-profile" "C:\\Users\\OLEKSA~1.KAL\\AppData\\Local\\Temp\\1\\rust_mozprofileqHogR1"
JavaScript error: resource://gre/modules/XULStore.jsm, line 66: Error: Can't find profile directory.
console.error: SearchCache: "_readCacheFile: Error reading cache file:" (new Error("", "(unknown module)"))
1600682386213	Marionette	INFO	Listening on port 60957
1600682386298	Marionette	WARN	TLS certificate errors will be ignored for this session
1600682388893	Marionette	INFO	Stopped listening on port 60957

###!!! [Child][RunMessage] Error: Channel closing: too late to send/recv, messages will be lost


###!!! [Child][MessageChannel::SendAndWait] Error: Channel error: cannot send/recv

1600682401076	mozrunner::runner	INFO	Running command: "C:\\Program Files\\Mozilla Firefox\\firefox.exe" "-marionette" "-foreground" "-no-remote" "-profile" "C:\\Users\\OLEKSA~1.KAL\\AppData\\Local\\Temp\\1\\rust_mozprofilef27t1d"
JavaScript error: resource://gre/modules/XULStore.jsm, line 66: Error: Can't find profile directory.
console.error: SearchCache: "_readCacheFile: Error reading cache file:" (new Error("", "(unknown module)"))
1600682403217	Marionette	INFO	Listening on port 61033
1600682403286	Marionette	WARN	TLS certificate errors will be ignored for this session
1600682405854	Marionette	INFO	Stopped listening on port 61033

###!!! [Child][MessageChannel::SendAndWait] Error: Channel error: cannot send/recv

1600682416076	mozrunner::runner	INFO	Running command: "C:\\Program Files\\Mozilla Firefox\\firefox.exe" "-marionette" "-foreground" "-no-remote" "-profile" "C:\\Users\\OLEKSA~1.KAL\\AppData\\Local\\Temp\\1\\rust_mozprofile19jEv1"
JavaScript error: resource://gre/modules/XULStore.jsm, line 66: Error: Can't find profile directory.
console.error: SearchCache: "_readCacheFile: Error reading cache file:" (new Error("", "(unknown module)"))
1600682418164	Marionette	INFO	Listening on port 61112
1600682418197	Marionette	WARN	TLS certificate errors will be ignored for this session
1600682420776	Marionette	INFO	Stopped listening on port 61112

###!!! [Parent][MessageChannel] Error: (msgtype=0x1D0011,name=PBackgroundStorage::Msg_Observe) Channel error: cannot send/recv


###!!! [Child][RunMessage] Error: Channel closing: too late to send/recv, messages will be lost


###!!! [Child][MessageChannel::SendAndWait] Error: Channel error: cannot send/recv

1600682429216	mozrunner::runner	INFO	Running command: "C:\\Program Files\\Mozilla Firefox\\firefox.exe" "-marionette" "-foreground" "-no-remote" "-profile" "C:\\Users\\OLEKSA~1.KAL\\AppData\\Local\\Temp\\1\\rust_mozprofileS6I3oh"
JavaScript error: resource://gre/modules/XULStore.jsm, line 66: Error: Can't find profile directory.
console.error: SearchCache: "_readCacheFile: Error reading cache file:" (new Error("", "(unknown module)"))
1600682431271	Marionette	INFO	Listening on port 61177
1600682431341	Marionette	WARN	TLS certificate errors will be ignored for this session
1600682433880	Marionette	INFO	Stopped listening on port 61177

###!!! [Child][RunMessage] Error: Channel closing: too late to send/recv, messages will be lost


###!!! [Child][MessageChannel::SendAndWait] Error: Channel error: cannot send/recv

